01/31/2024 16:53:54.460 -08:00 INFO Word = potato
01/31/2024 16:54:21.327 -08:00 INFO Word = tomato
02/23/2024 16:09:17.701 -08:00 INFO Word = jobato
02/23/2024 16:26:43.324 -08:00 INFO Word = mommato
02/23/2024 16:28:05.423 -08:00 INFO Word = bojato
02/23/2024 16:28:10.393 -08:00 INFO Word = bojato
02/23/2024 16:28:15.390 -08:00 INFO Word = bojato
02/23/2024 16:28:20.391 -08:00 INFO Word = bojato
02/23/2024 16:29:04.078 -08:00 INFO Word = bojato
02/23/2024 16:29:09.064 -08:00 INFO Word = bojato
02/23/2024 16:29:14.065 -08:00 INFO Word = bojato
02/23/2024 17:00:33.121 -08:00 INFO Word = nomato
02/23/2024 17:02:20.919 -08:00 INFO Word = VHWSFBTQALVR
02/23/2024 17:02:25.896 -08:00 INFO Word = CVRJ
02/23/2024 17:02:30.899 -08:00 INFO Word = YBCXQYPUWKAC
02/23/2024 17:02:35.897 -08:00 INFO Word = FHKNEW
02/24/2024 14:06:17.935 -08:00 INFO Word = LLDPAQP
02/24/2024 14:06:22.896 -08:00 INFO Word = UXSNBDKEWOGRXI
02/24/2024 14:06:27.894 -08:00 INFO Word = SSOCPVKQEMC
02/24/2024 14:06:32.894 -08:00 INFO Word = ASVRAEXNOFS
02/24/2024 14:06:37.896 -08:00 INFO Word = DBHSJIGLXPPOKND
02/24/2024 14:06:42.896 -08:00 INFO Word = GYDWFBEKPSSEEN
02/24/2024 14:06:47.894 -08:00 INFO Word = CVIHLGRBHRH
02/24/2024 14:06:52.898 -08:00 INFO Word = OEQTVTWWOJPHYE
02/24/2024 14:06:57.899 -08:00 INFO Word = BCHQXBGQ
02/24/2024 14:07:02.901 -08:00 INFO Word = EFAXQ
02/24/2024 14:07:07.903 -08:00 INFO Word = REXXTSQXNG
02/24/2024 14:07:12.903 -08:00 INFO Word = RHRIW
02/24/2024 14:07:17.903 -08:00 INFO Word = TNLCEKFL
02/24/2024 14:07:22.905 -08:00 INFO Word = YETAXDOKQOWF
02/24/2024 14:07:27.908 -08:00 INFO Word = SRJV
02/24/2024 14:07:32.907 -08:00 INFO Word = DFESOTJT
02/24/2024 14:07:37.909 -08:00 INFO Word = TFKWSBVXGWYBN
02/24/2024 14:07:42.911 -08:00 INFO Word = HKHRGXD
02/24/2024 14:07:47.914 -08:00 INFO Word = LDUAAFLWB
02/24/2024 14:07:52.914 -08:00 INFO Word = IUXRNUEAJCISPWX
02/24/2024 14:07:57.914 -08:00 INFO Word = WGLLF
02/24/2024 14:08:02.916 -08:00 INFO Word = XDXBRKBYADOSIP
02/24/2024 14:08:07.916 -08:00 INFO Word = LTYEOBB
02/24/2024 14:08:12.918 -08:00 INFO Word = QECITJRBEANJ
02/24/2024 14:08:17.920 -08:00 INFO Word = NMHVDQDFLDHSP
02/24/2024 14:08:22.920 -08:00 INFO Word = GINGBQSQDY
02/24/2024 14:08:27.920 -08:00 INFO Word = ELMW
02/24/2024 14:08:32.919 -08:00 INFO Word = RFLLFLEAO
02/24/2024 14:08:37.922 -08:00 INFO Word = EMOPGO
02/24/2024 14:08:42.922 -08:00 INFO Word = BBHCEHBLEQRC
02/24/2024 14:08:47.924 -08:00 INFO Word = QXWYCXP
02/24/2024 14:08:52.923 -08:00 INFO Word = AERC
02/24/2024 14:08:57.926 -08:00 INFO Word = RSTWEYYRGRC
02/24/2024 14:09:02.927 -08:00 INFO Word = MVQBTIUL
02/24/2024 14:09:07.925 -08:00 INFO Word = RVEAKE
02/24/2024 14:09:12.930 -08:00 INFO Word = HXEJ
02/24/2024 14:09:17.930 -08:00 INFO Word = HJMEHGFFYE
02/24/2024 14:09:22.930 -08:00 INFO Word = GYUDAGADNQTKEVO
02/24/2024 14:09:27.932 -08:00 INFO Word = XTQWUF
02/24/2024 14:09:32.932 -08:00 INFO Word = DTRGICRQGFVPTYW
02/24/2024 14:09:37.934 -08:00 INFO Word = QOJTV
02/24/2024 14:09:42.933 -08:00 INFO Word = EWCXLQ
02/24/2024 14:09:47.936 -08:00 INFO Word = QLQOTUSWLMM
02/24/2024 14:09:52.935 -08:00 INFO Word = ASIW
02/24/2024 14:09:57.937 -08:00 INFO Word = CKXFCRYLIMU
02/24/2024 14:10:02.939 -08:00 INFO Word = HVHCSQ
02/24/2024 14:10:07.942 -08:00 INFO Word = JHGJL
02/24/2024 14:10:12.938 -08:00 INFO Word = FVOHOHJXCUTI
02/24/2024 14:10:17.942 -08:00 INFO Word = RPKCTDETK
02/24/2024 14:10:22.942 -08:00 INFO Word = XMXBPRM
02/24/2024 14:10:27.943 -08:00 INFO Word = NJQQCWNFBIXMNQ
02/24/2024 14:10:32.944 -08:00 INFO Word = NFTFGTVCGMK
02/24/2024 14:10:37.943 -08:00 INFO Word = QHFOA
02/24/2024 14:10:42.946 -08:00 INFO Word = HMKHBHEJRYTAI
02/24/2024 14:10:47.947 -08:00 INFO Word = DFWPO
02/24/2024 14:10:52.948 -08:00 INFO Word = ONVYGIR
02/24/2024 14:10:57.949 -08:00 INFO Word = BWEVYYWFUQGTX
02/24/2024 14:11:02.951 -08:00 INFO Word = NGNQGTKHEVUNBVH
02/24/2024 14:11:07.950 -08:00 INFO Word = OFJHVFALOVNJIMG
02/24/2024 14:11:12.949 -08:00 INFO Word = QCWFYJCAXLH
02/24/2024 14:11:17.950 -08:00 INFO Word = QQIHR
02/24/2024 14:11:22.953 -08:00 INFO Word = CXTJI
02/24/2024 14:11:27.954 -08:00 INFO Word = KDBNO
02/24/2024 14:11:32.955 -08:00 INFO Word = JOCSTTHDOC
02/24/2024 14:11:37.956 -08:00 INFO Word = RJEUHRAB
02/24/2024 14:11:42.956 -08:00 INFO Word = SASPT
02/24/2024 14:11:47.958 -08:00 INFO Word = GLSLWIERLPYE
02/24/2024 14:11:52.958 -08:00 INFO Word = MSHEPYWMFSRIV
02/24/2024 14:11:57.961 -08:00 INFO Word = UYMBFU
02/24/2024 14:12:02.960 -08:00 INFO Word = DMEHXKJOH
02/24/2024 14:12:07.961 -08:00 INFO Word = TBNGFAKGSDX
02/24/2024 14:12:12.961 -08:00 INFO Word = BDULH
02/24/2024 14:12:17.965 -08:00 INFO Word = YWIWOS
02/24/2024 14:12:22.966 -08:00 INFO Word = XBITCGUB
02/24/2024 14:12:27.968 -08:00 INFO Word = YVJDHT
02/24/2024 14:12:32.968 -08:00 INFO Word = NUAWXJ
02/24/2024 14:12:37.967 -08:00 INFO Word = UPNEWWFJQUWTW
02/24/2024 14:12:42.969 -08:00 INFO Word = KMWUAIWICF
02/24/2024 14:12:47.971 -08:00 INFO Word = YUHVDUALDBVD
02/24/2024 14:12:52.971 -08:00 INFO Word = TUBXIDH
02/24/2024 14:12:57.971 -08:00 INFO Word = LRFHJCIEEEKH
02/24/2024 14:13:02.972 -08:00 INFO Word = XNCBDGTCRLHSIC
02/24/2024 14:13:07.975 -08:00 INFO Word = FIFFCAVHC
02/24/2024 14:13:12.974 -08:00 INFO Word = YFQKHD
02/24/2024 14:13:17.975 -08:00 INFO Word = MUKTLA
02/24/2024 14:13:22.977 -08:00 INFO Word = HCORJFSUCAQYS
02/24/2024 14:13:27.980 -08:00 INFO Word = MWDRRXCPOFMCOAV
02/24/2024 14:13:32.981 -08:00 INFO Word = JVVH
02/24/2024 14:13:37.983 -08:00 INFO Word = QYEC
02/24/2024 14:13:42.983 -08:00 INFO Word = LEELDWULIGJRCI
02/24/2024 14:13:47.983 -08:00 INFO Word = DMCUKUKOW
02/24/2024 14:13:52.983 -08:00 INFO Word = UDYHWWQQS
02/24/2024 14:13:57.986 -08:00 INFO Word = LTPFXFQCQURXB
02/24/2024 14:14:02.985 -08:00 INFO Word = OGIC
02/24/2024 14:14:07.986 -08:00 INFO Word = HNNAULYKLOEFW
02/24/2024 14:14:12.987 -08:00 INFO Word = LUAILKPVH
02/24/2024 14:14:17.989 -08:00 INFO Word = RWPKGQQBJMIT
02/24/2024 14:14:22.990 -08:00 INFO Word = VHBCHMVTYBLKP
02/24/2024 14:14:27.992 -08:00 INFO Word = OEOGQSAWRUBXBQ
02/24/2024 14:14:32.994 -08:00 INFO Word = XFXEWETPMQDJC
02/24/2024 14:14:37.996 -08:00 INFO Word = VUOQDTQHQ
02/24/2024 14:14:42.995 -08:00 INFO Word = CJRPEDJLIMFDJ
02/24/2024 14:14:47.996 -08:00 INFO Word = WAANCWVRNU
02/24/2024 14:14:52.998 -08:00 INFO Word = ADUGGW
02/24/2024 14:14:57.999 -08:00 INFO Word = BEHWMRUHWTSB
02/24/2024 14:15:03.001 -08:00 INFO Word = CYYVH
02/24/2024 14:15:08.002 -08:00 INFO Word = UJAUWFKRWSJ
02/24/2024 14:15:13.003 -08:00 INFO Word = GUYWOQWDJY
02/24/2024 14:15:18.002 -08:00 INFO Word = KWKVTRRKSOU
02/24/2024 14:15:23.003 -08:00 INFO Word = GYFWDHJH
02/24/2024 14:15:28.003 -08:00 INFO Word = CAQMWWLIELPWWI
02/24/2024 14:15:33.005 -08:00 INFO Word = EHXPILDPENSL
02/24/2024 14:15:38.007 -08:00 INFO Word = SDQCNNLXJXHTL
02/24/2024 14:15:43.010 -08:00 INFO Word = FGDBFM
02/24/2024 14:15:48.009 -08:00 INFO Word = XBSAEXVROX
02/24/2024 14:15:53.011 -08:00 INFO Word = VAGK
02/24/2024 14:15:58.011 -08:00 INFO Word = LHNTTS
02/24/2024 14:16:03.012 -08:00 INFO Word = QWMYUBUUF
02/24/2024 14:16:08.014 -08:00 INFO Word = CVGLGNS
02/24/2024 14:16:13.015 -08:00 INFO Word = KIBIRPNBYDK
02/24/2024 14:16:18.015 -08:00 INFO Word = SUCPFLHOFW
02/24/2024 14:16:23.013 -08:00 INFO Word = LUHKBRX
02/24/2024 14:16:28.016 -08:00 INFO Word = GSSUTGWEF
02/24/2024 14:16:33.017 -08:00 INFO Word = GOTQIGRHOX
02/24/2024 14:16:38.019 -08:00 INFO Word = CVCYBACLTBLPHG
02/24/2024 14:16:43.020 -08:00 INFO Word = DWUED
02/24/2024 14:16:48.020 -08:00 INFO Word = MPWMBINJJLDFWRL
02/24/2024 14:16:53.020 -08:00 INFO Word = NUGBCAYSED
02/24/2024 14:16:58.019 -08:00 INFO Word = UYCUXOKG
02/24/2024 14:17:03.020 -08:00 INFO Word = GMFQKUYYVQV
02/24/2024 14:17:08.018 -08:00 INFO Word = CVBIKCBKACLGS
02/24/2024 14:17:13.020 -08:00 INFO Word = KUJFPBNHM
02/24/2024 14:17:18.020 -08:00 INFO Word = BGKWKDPNMWU
02/24/2024 14:17:23.020 -08:00 INFO Word = BYCRPVH
02/24/2024 14:17:28.022 -08:00 INFO Word = ISMWIGIK
02/24/2024 14:17:33.024 -08:00 INFO Word = JNSBTBWDYGDFR
02/24/2024 14:17:38.024 -08:00 INFO Word = SDVKIWQ
02/24/2024 14:17:43.026 -08:00 INFO Word = RCBJ
02/24/2024 14:17:48.026 -08:00 INFO Word = UFRAIOX
02/24/2024 14:17:53.027 -08:00 INFO Word = TKQMDUKAGP
02/24/2024 14:17:58.028 -08:00 INFO Word = CNRQCDSCUGBCD
02/24/2024 14:18:03.028 -08:00 INFO Word = VYQHVOHPNHQXSUV
02/24/2024 14:18:08.030 -08:00 INFO Word = BVUGXL
02/24/2024 14:18:13.030 -08:00 INFO Word = TWGNPXWAF
02/24/2024 14:18:18.031 -08:00 INFO Word = TJQFBQPMHYYPOFT
02/24/2024 14:18:23.032 -08:00 INFO Word = GCAVXQTGUPOTKH
02/24/2024 14:18:28.033 -08:00 INFO Word = KIBE
02/24/2024 14:18:33.033 -08:00 INFO Word = ICYVKGHSKGQOBF
02/24/2024 14:18:38.033 -08:00 INFO Word = HXLMVHCD
02/24/2024 14:18:43.035 -08:00 INFO Word = LSACSVCKCT
02/24/2024 14:18:48.037 -08:00 INFO Word = OHCMOJSTEH
02/24/2024 14:18:53.037 -08:00 INFO Word = AIMWYGOGWNWDEU
02/24/2024 14:18:58.038 -08:00 INFO Word = JYTWVELMA
02/24/2024 14:19:03.039 -08:00 INFO Word = XSHPCI
02/24/2024 14:19:08.040 -08:00 INFO Word = IYRIMYPQH
02/24/2024 14:19:13.041 -08:00 INFO Word = SHKQJGG
02/24/2024 14:19:18.042 -08:00 INFO Word = QXETS
02/24/2024 14:19:23.043 -08:00 INFO Word = MYTHPOLXOVAC
02/24/2024 14:19:28.044 -08:00 INFO Word = FBHKJAUOJCHXDA
02/24/2024 14:19:33.045 -08:00 INFO Word = CIRFANGJFREC
02/24/2024 14:19:38.047 -08:00 INFO Word = UPWIDMVBS
02/24/2024 14:19:43.048 -08:00 INFO Word = PLNYAHBBXTQMLAX
02/24/2024 14:19:48.049 -08:00 INFO Word = HTKV
02/24/2024 14:19:53.050 -08:00 INFO Word = PMOOHOUNYSSKJKL
02/24/2024 14:19:58.051 -08:00 INFO Word = LAGF
02/24/2024 14:20:03.052 -08:00 INFO Word = JENCS
02/24/2024 14:20:08.052 -08:00 INFO Word = NCXU
02/24/2024 14:20:13.053 -08:00 INFO Word = SFEMEWXVGXJH
02/24/2024 14:20:18.054 -08:00 INFO Word = OCTMKIXQQAVFQI
02/24/2024 14:20:23.055 -08:00 INFO Word = LJASI
02/24/2024 14:20:28.056 -08:00 INFO Word = FTGCFVURUIC
02/24/2024 14:20:33.057 -08:00 INFO Word = FMNRQSTA
02/24/2024 14:20:38.058 -08:00 INFO Word = SAKBNTXIOLNNBH
02/24/2024 14:20:43.060 -08:00 INFO Word = QGXMOQFHHTPUCPX
02/24/2024 14:20:48.060 -08:00 INFO Word = RETQSNDUJESHX
02/24/2024 14:20:53.061 -08:00 INFO Word = OJPWSU
02/24/2024 14:20:58.062 -08:00 INFO Word = JXEOMJERFMK
02/24/2024 14:21:03.063 -08:00 INFO Word = TSUHMIPPEBEX
02/24/2024 14:21:08.064 -08:00 INFO Word = KVQJOKUV
02/24/2024 14:21:13.065 -08:00 INFO Word = FRJFWAFW
02/24/2024 14:21:18.066 -08:00 INFO Word = BCDGU
02/24/2024 14:21:23.067 -08:00 INFO Word = JMADRLDIFJBOTM
02/24/2024 14:21:28.068 -08:00 INFO Word = BSRAJ
02/24/2024 14:21:33.069 -08:00 INFO Word = AKTDMRRSCPW
02/24/2024 14:21:38.072 -08:00 INFO Word = OLGYDMFELHLEOYD
02/24/2024 14:21:43.073 -08:00 INFO Word = CDEULSTSGMB
02/24/2024 14:21:48.076 -08:00 INFO Word = TYKXPQMQY
02/24/2024 14:21:53.077 -08:00 INFO Word = CQMMYAJMYLYTHE
02/24/2024 14:21:58.078 -08:00 INFO Word = OJHYWOFAWYFQGTW
02/24/2024 14:22:03.079 -08:00 INFO Word = CLLQY
02/24/2024 14:22:08.080 -08:00 INFO Word = AFULEGBKDLHL
02/24/2024 14:22:13.081 -08:00 INFO Word = GWTRBMAA
02/24/2024 14:22:18.082 -08:00 INFO Word = MEJGPAT
02/24/2024 14:22:23.083 -08:00 INFO Word = OOPYQOXAHAMY
02/24/2024 14:22:28.084 -08:00 INFO Word = LBXFHXPNSLYGCAC
02/24/2024 14:22:33.085 -08:00 INFO Word = IDSVB
02/24/2024 14:22:38.086 -08:00 INFO Word = DBPY
02/24/2024 14:22:43.087 -08:00 INFO Word = YJWAPNEM
02/24/2024 14:22:48.088 -08:00 INFO Word = CJULPMLFWLQKK
02/24/2024 14:22:53.088 -08:00 INFO Word = SEQKSTLJGT
02/24/2024 14:22:58.090 -08:00 INFO Word = NLJDBAV
02/24/2024 14:23:03.090 -08:00 INFO Word = CBGMCTFUYHLO
02/24/2024 14:23:08.091 -08:00 INFO Word = QSXQDJAT
02/24/2024 14:23:13.093 -08:00 INFO Word = QVAHNVUJRNL
02/24/2024 14:23:18.093 -08:00 INFO Word = GIVJTDWMMLXAT
02/24/2024 14:23:23.094 -08:00 INFO Word = UNTTEDMTLLQH
02/24/2024 14:23:28.096 -08:00 INFO Word = HCIWXGUALOQDLW
02/24/2024 14:23:33.096 -08:00 INFO Word = GYSMESAKOJNJ
02/24/2024 14:23:38.097 -08:00 INFO Word = EFECBIAEB
02/24/2024 14:23:43.098 -08:00 INFO Word = DEXQFUWPDLKQB
02/24/2024 14:23:48.099 -08:00 INFO Word = BEOXHPULLHWFUY
02/24/2024 14:23:53.100 -08:00 INFO Word = BODTFVMA
02/24/2024 14:23:58.101 -08:00 INFO Word = EOMUYRDLKCFLX
02/24/2024 14:24:03.102 -08:00 INFO Word = THCNXG
02/24/2024 14:24:08.106 -08:00 INFO Word = GXEV
02/24/2024 14:24:13.105 -08:00 INFO Word = YWYRQYKVS
02/24/2024 14:24:18.106 -08:00 INFO Word = BGSF
02/24/2024 14:24:23.108 -08:00 INFO Word = YGCG
02/24/2024 14:24:28.109 -08:00 INFO Word = YBEGPSYAM
02/24/2024 14:24:33.110 -08:00 INFO Word = OQHGYBJHJLD
02/24/2024 14:24:38.110 -08:00 INFO Word = QFFVFTDR
02/24/2024 14:24:43.112 -08:00 INFO Word = NHDVBIQDNN
02/24/2024 14:24:48.112 -08:00 INFO Word = DVFUVMNO
02/24/2024 14:24:53.113 -08:00 INFO Word = NWHJIJNCFVB
02/24/2024 14:24:58.115 -08:00 INFO Word = KMQL
02/24/2024 14:25:03.116 -08:00 INFO Word = SWGAUWJR
02/24/2024 14:25:08.117 -08:00 INFO Word = UHIXWJKVKIHGJK
02/24/2024 14:25:13.117 -08:00 INFO Word = PVEYAI
02/24/2024 14:25:18.119 -08:00 INFO Word = RBNYGSSCNOEFCSA
02/24/2024 14:25:23.119 -08:00 INFO Word = JNOFE
02/24/2024 14:25:28.121 -08:00 INFO Word = ODEJHRN
02/24/2024 14:25:33.121 -08:00 INFO Word = MMIBYDOSN
02/24/2024 14:25:38.121 -08:00 INFO Word = BYRYCYA
02/24/2024 14:25:43.123 -08:00 INFO Word = HPEQETEYXDWRME
02/24/2024 14:25:48.123 -08:00 INFO Word = DLVVYLHYITS
02/24/2024 14:25:53.125 -08:00 INFO Word = GLSMNXOT
02/24/2024 14:25:58.125 -08:00 INFO Word = FNHYPLEQ
02/24/2024 14:26:03.124 -08:00 INFO Word = GRYYIVTFPGP
02/24/2024 14:26:08.127 -08:00 INFO Word = QJJQSY
02/24/2024 14:26:13.129 -08:00 INFO Word = YBNMO
02/24/2024 14:26:18.130 -08:00 INFO Word = VCGDYRPKUTHQIOH
02/24/2024 14:26:23.131 -08:00 INFO Word = GWMXERB
02/24/2024 14:26:28.131 -08:00 INFO Word = PNHBJATRCVMDP
02/24/2024 14:26:33.134 -08:00 INFO Word = NFGOQ
02/24/2024 14:26:38.134 -08:00 INFO Word = NTDSUWQCKJVGEV
02/24/2024 14:26:43.134 -08:00 INFO Word = OJFYIJSCT
02/24/2024 14:26:48.136 -08:00 INFO Word = FKOUMCKSHU
02/24/2024 14:26:53.135 -08:00 INFO Word = TPDVVBBMHAT
02/24/2024 14:26:58.138 -08:00 INFO Word = AYCTEXCVEVGW
02/24/2024 14:27:03.141 -08:00 INFO Word = MXBP
02/24/2024 14:27:08.141 -08:00 INFO Word = MSSIJPGXMSDYXQX
02/24/2024 14:27:13.142 -08:00 INFO Word = DESW
02/24/2024 14:27:18.142 -08:00 INFO Word = NBXNIL
02/24/2024 14:27:23.144 -08:00 INFO Word = VOAUKPLA
02/24/2024 14:27:28.145 -08:00 INFO Word = YDTNFOTKILRGT
02/24/2024 14:27:33.145 -08:00 INFO Word = UXURA
02/24/2024 14:27:38.145 -08:00 INFO Word = DILGUYLLWYN
02/24/2024 14:27:43.145 -08:00 INFO Word = XWXYBUUWO
02/24/2024 14:27:48.145 -08:00 INFO Word = XXDHFGAXVEOQKXU
02/24/2024 14:27:53.147 -08:00 INFO Word = CXMMDOX
02/24/2024 14:27:58.147 -08:00 INFO Word = APAHWBDRWCPUR
02/24/2024 14:28:03.149 -08:00 INFO Word = XNTYWWKU
02/24/2024 14:28:08.150 -08:00 INFO Word = HNXUTYEADBS
02/24/2024 14:28:13.152 -08:00 INFO Word = HBUSAEHEHRB
02/24/2024 14:28:18.152 -08:00 INFO Word = MPPKOMOIQIV
02/24/2024 14:28:23.154 -08:00 INFO Word = DEUCALTP
02/24/2024 14:28:28.155 -08:00 INFO Word = QDHVS
02/24/2024 14:28:33.156 -08:00 INFO Word = AKXVXBJI
02/24/2024 14:28:38.160 -08:00 INFO Word = VUBWFF
02/24/2024 14:28:43.158 -08:00 INFO Word = XKUGBVURLCMMSC
02/24/2024 14:28:48.159 -08:00 INFO Word = XLQI
02/24/2024 14:28:53.161 -08:00 INFO Word = NEAQVGEUV
02/24/2024 14:28:58.161 -08:00 INFO Word = SYGPGVBHMFCI
02/24/2024 14:29:03.163 -08:00 INFO Word = FPLV
02/24/2024 14:29:08.164 -08:00 INFO Word = VPQGTIBMOTBQJF
02/24/2024 14:29:13.166 -08:00 INFO Word = DCDUYVSOBUJJSR
02/24/2024 14:29:18.167 -08:00 INFO Word = EJSY
02/24/2024 14:29:23.168 -08:00 INFO Word = SJCWVUQBSROBMW
02/24/2024 14:29:28.171 -08:00 INFO Word = RFJSESASQYD
02/24/2024 14:29:33.170 -08:00 INFO Word = PGHHDAEABGY
02/24/2024 14:29:38.174 -08:00 INFO Word = GCXPILK
02/24/2024 14:29:43.176 -08:00 INFO Word = ICAT
02/24/2024 14:29:48.179 -08:00 INFO Word = GGXWS
02/24/2024 14:29:53.179 -08:00 INFO Word = EDJUJEEQ
02/24/2024 14:29:58.181 -08:00 INFO Word = OFWKT
02/24/2024 14:30:03.184 -08:00 INFO Word = XUYTNLA
02/24/2024 14:30:08.185 -08:00 INFO Word = SMFVIN
02/24/2024 14:30:13.189 -08:00 INFO Word = DDBGXKTGGKXU
02/24/2024 14:30:18.188 -08:00 INFO Word = JNMQBQXOS
02/24/2024 14:30:23.190 -08:00 INFO Word = BYKS
02/24/2024 14:30:28.192 -08:00 INFO Word = VAPUYGP
02/24/2024 14:30:33.193 -08:00 INFO Word = TEVXPDQMY
02/24/2024 14:30:38.196 -08:00 INFO Word = PDEHMYAN
02/24/2024 14:30:43.200 -08:00 INFO Word = IDHSEA
02/24/2024 14:30:48.201 -08:00 INFO Word = ERKQBPWBAYWEN
02/24/2024 14:30:53.202 -08:00 INFO Word = WYBOIAFFKVY
02/24/2024 14:30:58.204 -08:00 INFO Word = SLOFHQMEFN
02/24/2024 14:31:03.207 -08:00 INFO Word = IVIN
02/24/2024 14:31:08.209 -08:00 INFO Word = PUYWNR
02/24/2024 14:31:13.211 -08:00 INFO Word = JFQIMDGHQAWIAA
02/24/2024 14:31:18.211 -08:00 INFO Word = IIJCNVM
02/24/2024 14:31:23.213 -08:00 INFO Word = VQDEBQNPUWHBKQA
02/24/2024 14:31:28.215 -08:00 INFO Word = QGSUE
02/24/2024 14:31:33.218 -08:00 INFO Word = EHBTUJAFO
02/24/2024 14:31:38.220 -08:00 INFO Word = LVRDSDTFJQMCHD
02/24/2024 14:31:43.222 -08:00 INFO Word = NIXAPY
02/24/2024 14:31:48.224 -08:00 INFO Word = WWVUGMMVJNA
02/24/2024 14:31:53.226 -08:00 INFO Word = BYCQBMPWYRGUW
02/24/2024 14:31:58.228 -08:00 INFO Word = UMQOGUTCMJYNMFK
02/24/2024 14:32:03.230 -08:00 INFO Word = MNRNDTBSFDBDD
02/24/2024 14:32:08.232 -08:00 INFO Word = IGXPNV
02/24/2024 14:32:13.234 -08:00 INFO Word = IYISP
02/24/2024 14:32:18.236 -08:00 INFO Word = JMALWSVOVPQF
02/24/2024 14:32:23.238 -08:00 INFO Word = TLSLILVTIX
02/24/2024 14:32:28.240 -08:00 INFO Word = TUURAPHDTDPPA
02/24/2024 14:32:33.242 -08:00 INFO Word = OFFUSESMIEF
02/24/2024 14:32:38.245 -08:00 INFO Word = THJQS
02/24/2024 14:32:43.247 -08:00 INFO Word = PUAWSD
02/24/2024 14:32:48.250 -08:00 INFO Word = HHRJQOGVDX
02/24/2024 14:32:53.252 -08:00 INFO Word = SYUKKBWUJVDCU
02/24/2024 14:32:58.253 -08:00 INFO Word = CWUPPAO
02/24/2024 14:33:03.256 -08:00 INFO Word = GWXDAJAVKPGVKR
02/24/2024 14:33:08.257 -08:00 INFO Word = CDTXGJNYJNFETN
02/24/2024 14:33:13.257 -08:00 INFO Word = NFJBMWRMRKVELF
02/24/2024 14:33:18.260 -08:00 INFO Word = IRPDXXIYTLR
02/24/2024 14:33:23.262 -08:00 INFO Word = ONWRAWDXYS
02/24/2024 14:33:28.264 -08:00 INFO Word = VODFGWUSM
02/24/2024 14:33:33.264 -08:00 INFO Word = CTVVDUFKC
02/24/2024 14:33:38.264 -08:00 INFO Word = WISSPURGBP
02/24/2024 14:33:43.267 -08:00 INFO Word = BHLLCRLUQKQFTHQ
02/24/2024 14:33:48.269 -08:00 INFO Word = ORHVMX
02/24/2024 14:33:53.273 -08:00 INFO Word = YIMDLQCSSEDCQLY
02/24/2024 14:33:58.273 -08:00 INFO Word = KNWKYOSA
02/24/2024 14:34:03.273 -08:00 INFO Word = FIJEIJU
02/24/2024 14:34:08.274 -08:00 INFO Word = YCXXCXDY
02/24/2024 14:34:13.277 -08:00 INFO Word = STJOUXTSMCFVLF
02/24/2024 14:34:18.280 -08:00 INFO Word = RMCFQQK
02/24/2024 14:34:23.282 -08:00 INFO Word = CJFYVJQY
02/24/2024 14:34:28.283 -08:00 INFO Word = MPSQAACCDCU
02/24/2024 14:34:33.285 -08:00 INFO Word = HIRBFPDS
02/24/2024 14:34:38.284 -08:00 INFO Word = SERHUGDLKBJA
02/24/2024 14:34:43.286 -08:00 INFO Word = FCJOQSYAGBGRWA
02/24/2024 14:34:48.288 -08:00 INFO Word = VPMIF
02/24/2024 14:34:53.290 -08:00 INFO Word = MBJK
02/24/2024 14:34:58.292 -08:00 INFO Word = DCMAELDXTJH
02/24/2024 14:35:03.294 -08:00 INFO Word = QNRCDXYST
02/24/2024 14:35:08.295 -08:00 INFO Word = RTTO
02/24/2024 14:35:13.297 -08:00 INFO Word = JREAUTAFSHSJ
02/24/2024 14:35:18.298 -08:00 INFO Word = FODY
02/24/2024 14:35:23.299 -08:00 INFO Word = SNMMBC
02/24/2024 14:35:28.302 -08:00 INFO Word = MGJORFFAUTAG
02/24/2024 14:35:33.304 -08:00 INFO Word = ASRFMSTK
02/24/2024 14:35:38.306 -08:00 INFO Word = VNMM
02/24/2024 14:35:43.307 -08:00 INFO Word = LWHUXJAGDJOUAWF
02/24/2024 14:35:48.309 -08:00 INFO Word = ENVCSQ
02/24/2024 14:35:53.311 -08:00 INFO Word = QXWOUPHYRKBSRRU
02/24/2024 14:35:58.315 -08:00 INFO Word = VMHOIJX
02/24/2024 14:36:03.315 -08:00 INFO Word = KVNFN
02/24/2024 14:36:08.318 -08:00 INFO Word = OIFIFX
02/24/2024 14:36:13.319 -08:00 INFO Word = IRYJDJF
02/24/2024 14:36:18.321 -08:00 INFO Word = GYJKAX
02/24/2024 14:36:23.322 -08:00 INFO Word = JHVNWNMDDAHEA
02/24/2024 14:36:28.325 -08:00 INFO Word = HYRFMJUB
02/24/2024 14:36:33.324 -08:00 INFO Word = GWAKRAGO
02/24/2024 14:36:38.329 -08:00 INFO Word = MAEHJHEGLN
02/24/2024 14:36:43.331 -08:00 INFO Word = AKFHVLKX
02/24/2024 14:36:48.333 -08:00 INFO Word = AWBPHYPWVLNF
02/24/2024 14:36:53.335 -08:00 INFO Word = HMGPSGD
02/24/2024 14:36:58.337 -08:00 INFO Word = YNILENGL
02/24/2024 14:37:03.339 -08:00 INFO Word = BGCNKRTHDQ
02/24/2024 14:37:08.340 -08:00 INFO Word = PLDB
02/24/2024 14:37:13.342 -08:00 INFO Word = UCOHOCPARR
02/24/2024 14:37:18.343 -08:00 INFO Word = RCVVYXCHDNL
02/24/2024 14:37:23.346 -08:00 INFO Word = GNFVRGMT
02/24/2024 14:37:28.348 -08:00 INFO Word = BCDIAURFGEEO
02/24/2024 14:37:33.349 -08:00 INFO Word = QIHKTKHLITNF
02/24/2024 14:37:38.351 -08:00 INFO Word = TSGMS
02/24/2024 14:37:43.353 -08:00 INFO Word = HPMDF
02/24/2024 14:37:48.355 -08:00 INFO Word = DTKPDTUF
02/24/2024 14:37:53.357 -08:00 INFO Word = IBDCRLCIQTGVCI
02/24/2024 14:37:58.359 -08:00 INFO Word = LAPWEGO
02/24/2024 14:38:03.360 -08:00 INFO Word = IUKYHGSIDBV
02/24/2024 14:38:08.363 -08:00 INFO Word = GFYAJSLTTVK
02/24/2024 14:38:13.364 -08:00 INFO Word = NWNEFMEDXKYVB
02/24/2024 14:38:18.367 -08:00 INFO Word = IVHDHF
02/24/2024 14:38:23.369 -08:00 INFO Word = XQTPRFGHEGJCNP
02/24/2024 14:38:28.369 -08:00 INFO Word = XIPMJDCRGCCW
02/24/2024 14:38:33.372 -08:00 INFO Word = EILYYJMDAAPAOK
02/24/2024 14:38:38.375 -08:00 INFO Word = FNJLMKC
02/24/2024 14:38:43.376 -08:00 INFO Word = ERITUSHY
02/24/2024 14:38:48.378 -08:00 INFO Word = RTGCYEWQ
02/24/2024 14:38:53.380 -08:00 INFO Word = GBLCWMAND
02/24/2024 14:38:58.382 -08:00 INFO Word = SBSVQAUGPKXL
02/24/2024 14:39:03.385 -08:00 INFO Word = JBKSLJSOQUKPHJ
02/24/2024 14:39:08.387 -08:00 INFO Word = HBWCBL
02/24/2024 14:39:13.389 -08:00 INFO Word = LAXJHFKWSEEQ
02/24/2024 14:39:18.389 -08:00 INFO Word = ETWMY
02/24/2024 14:39:23.390 -08:00 INFO Word = JRCC
02/24/2024 14:39:28.394 -08:00 INFO Word = WWBHYROKCUAM
02/24/2024 14:39:33.394 -08:00 INFO Word = OURVLSLVKGYKMSC
02/24/2024 14:39:38.396 -08:00 INFO Word = ERMSFXTOT
02/24/2024 14:39:43.398 -08:00 INFO Word = JEACLR
02/24/2024 14:39:48.398 -08:00 INFO Word = HBFEUUOFGMAQNWP
02/24/2024 14:39:53.399 -08:00 INFO Word = CEOUBUDIMD
02/24/2024 14:39:58.400 -08:00 INFO Word = KLEEMKLDHKIOF
02/24/2024 14:40:03.402 -08:00 INFO Word = BAYUYRXWD
02/24/2024 14:40:08.404 -08:00 INFO Word = OBPFMPULOXUU
02/24/2024 14:40:13.406 -08:00 INFO Word = GYHMBSS
02/24/2024 14:40:18.407 -08:00 INFO Word = KAHBUCJIXLNK
02/24/2024 14:40:23.408 -08:00 INFO Word = DXERQSX
02/24/2024 14:40:28.413 -08:00 INFO Word = NXEAQHTYIYK
02/24/2024 14:40:33.413 -08:00 INFO Word = FRVNSJLAJX
02/24/2024 14:40:38.416 -08:00 INFO Word = EMODTODPA
02/24/2024 14:40:43.418 -08:00 INFO Word = CDLN
02/24/2024 14:40:48.420 -08:00 INFO Word = XEJYBJKA
02/24/2024 14:40:53.422 -08:00 INFO Word = PWVTUOW
02/24/2024 14:40:58.425 -08:00 INFO Word = RHOAQO
02/24/2024 14:41:03.427 -08:00 INFO Word = RBPSVKRQVVXAMAM
02/24/2024 14:41:08.431 -08:00 INFO Word = VFNGRVGX
02/24/2024 14:41:13.432 -08:00 INFO Word = QIJRNPOAVAPQB
02/24/2024 14:41:18.434 -08:00 INFO Word = XQSKRTDLIWC
02/24/2024 14:41:23.435 -08:00 INFO Word = JHGBNSYACWYJODW
02/24/2024 14:41:28.437 -08:00 INFO Word = MGGTP
02/24/2024 14:41:33.436 -08:00 INFO Word = GGWFBNXTNHSCECH
02/24/2024 14:41:38.440 -08:00 INFO Word = AEVCITWVY
02/24/2024 14:41:43.442 -08:00 INFO Word = SBJCD
02/24/2024 14:41:48.444 -08:00 INFO Word = LSIWDMRGHTP
02/24/2024 14:41:53.446 -08:00 INFO Word = PLFSTSN
02/24/2024 14:41:58.448 -08:00 INFO Word = HETHPSF
02/24/2024 14:42:03.450 -08:00 INFO Word = CBTVPHCXSCECSWS
02/24/2024 14:42:08.452 -08:00 INFO Word = MXBG
02/24/2024 14:42:13.455 -08:00 INFO Word = WIRKBUMVLHNC
02/24/2024 14:42:18.457 -08:00 INFO Word = TMRLVG
02/24/2024 14:42:23.458 -08:00 INFO Word = XWQMEABHFEKR
02/24/2024 14:42:28.460 -08:00 INFO Word = EBLOSVOXKLEV
02/24/2024 14:42:33.462 -08:00 INFO Word = SMEHSLMFARO
02/24/2024 14:42:38.464 -08:00 INFO Word = PJBMQUXRLN
02/24/2024 14:42:43.467 -08:00 INFO Word = DNBUR
02/24/2024 14:42:48.468 -08:00 INFO Word = YBOJKRPHB
02/24/2024 14:42:53.469 -08:00 INFO Word = SLXSIBIXAWGXO
02/24/2024 14:42:58.471 -08:00 INFO Word = GGSODCSBC
02/24/2024 14:43:03.473 -08:00 INFO Word = NBOB
02/24/2024 14:43:08.474 -08:00 INFO Word = KKYEVPONYGJN
02/24/2024 14:43:13.477 -08:00 INFO Word = PKXVGXKOBQDMNFQ
02/24/2024 14:43:18.477 -08:00 INFO Word = YBSVLOUNYHMDSQP
02/24/2024 14:43:23.479 -08:00 INFO Word = TMOQJBMU
02/24/2024 14:43:28.482 -08:00 INFO Word = KXSYCPT
02/24/2024 14:43:33.484 -08:00 INFO Word = LVKYJMB
02/24/2024 14:43:38.484 -08:00 INFO Word = AUJJSKP
02/24/2024 14:43:43.485 -08:00 INFO Word = YHFBCIJTE
02/24/2024 14:43:48.488 -08:00 INFO Word = UGITSLGGDJKEHL
02/24/2024 14:43:53.490 -08:00 INFO Word = MEIOKH
02/24/2024 14:43:58.492 -08:00 INFO Word = NGWMQUWE
02/24/2024 14:44:03.493 -08:00 INFO Word = JDDFI
02/24/2024 14:44:08.496 -08:00 INFO Word = DPBRHOXVBN
02/24/2024 14:44:13.498 -08:00 INFO Word = WOPTKOFT
02/24/2024 14:44:18.501 -08:00 INFO Word = WXXAH
02/24/2024 14:44:23.501 -08:00 INFO Word = ESQEBSWGROPWP
02/24/2024 14:44:28.504 -08:00 INFO Word = XECTW
02/24/2024 14:44:33.504 -08:00 INFO Word = TQURD
02/24/2024 14:44:38.507 -08:00 INFO Word = FFLHTHGNDEW
02/24/2024 14:44:43.509 -08:00 INFO Word = MLXOQJUIIQSFTQY
02/24/2024 14:44:48.510 -08:00 INFO Word = AQUNBKTLEEXR
02/24/2024 14:44:53.510 -08:00 INFO Word = TYNEHVWOOS
02/24/2024 14:44:58.514 -08:00 INFO Word = EBSTQ
02/24/2024 14:45:03.514 -08:00 INFO Word = SPPVTXDPVPXFRH
02/24/2024 14:45:08.515 -08:00 INFO Word = GCMWXKPMJ
02/24/2024 14:45:13.517 -08:00 INFO Word = ALMYG
02/24/2024 14:45:18.519 -08:00 INFO Word = UYUHDONJHUVXV
02/24/2024 14:45:23.519 -08:00 INFO Word = XKCESXGTGWP
02/24/2024 14:45:28.521 -08:00 INFO Word = MJCIDGIJW
02/24/2024 14:45:33.523 -08:00 INFO Word = MCYSBGMSVBPNX
02/24/2024 14:45:38.525 -08:00 INFO Word = UDYRFLCE
02/24/2024 14:45:43.527 -08:00 INFO Word = BIERUHNTE
02/24/2024 14:45:48.529 -08:00 INFO Word = XGHSRI
02/24/2024 14:45:53.530 -08:00 INFO Word = VANAAPKCITW
02/24/2024 14:45:58.532 -08:00 INFO Word = XGCWHMWVV
02/24/2024 14:46:03.534 -08:00 INFO Word = QDVISEVFT
02/24/2024 14:46:08.537 -08:00 INFO Word = HBOMFKBCWET
02/24/2024 14:46:13.539 -08:00 INFO Word = ENAKEBVX
02/24/2024 14:46:18.541 -08:00 INFO Word = SCPSLDBS
02/24/2024 14:46:23.543 -08:00 INFO Word = GTQDYXJ
02/24/2024 14:46:28.546 -08:00 INFO Word = RIILBRORHMAUM
02/24/2024 14:46:33.548 -08:00 INFO Word = CJFLLFRKMTQT
02/24/2024 14:46:38.548 -08:00 INFO Word = QPPCVOJVRI
02/24/2024 14:46:43.551 -08:00 INFO Word = EFYPPJHP
02/24/2024 14:46:48.553 -08:00 INFO Word = NXVCTNHHGTJ
02/24/2024 14:46:53.555 -08:00 INFO Word = CQMDIXFECBQMGWS
02/24/2024 14:46:58.554 -08:00 INFO Word = NVWUODO
02/24/2024 14:47:03.558 -08:00 INFO Word = QRSXHNXJSSAGND
02/24/2024 14:47:08.560 -08:00 INFO Word = LKDOHF
02/24/2024 14:47:13.562 -08:00 INFO Word = EHHAWMIP
02/24/2024 14:47:18.564 -08:00 INFO Word = WWRFQYD
02/24/2024 14:47:23.568 -08:00 INFO Word = PHNUTMGQISENYDQ
02/24/2024 14:47:28.567 -08:00 INFO Word = RLBACYPDAUJRV
02/24/2024 14:47:33.568 -08:00 INFO Word = NLWXJCPSUUW
02/24/2024 14:47:38.570 -08:00 INFO Word = SNRRDSPFDAUB
02/24/2024 14:47:43.571 -08:00 INFO Word = JUTJ
02/24/2024 14:47:48.573 -08:00 INFO Word = KUEMAB
02/24/2024 14:47:53.576 -08:00 INFO Word = TXAXLJAJNUTXS
02/24/2024 14:47:58.577 -08:00 INFO Word = GSOWHJ
02/24/2024 14:48:03.578 -08:00 INFO Word = WAAXYJMIVAL
02/24/2024 14:48:08.582 -08:00 INFO Word = QBWMTLSWITR
02/24/2024 14:48:13.584 -08:00 INFO Word = PSPSSPVBWF
02/24/2024 14:48:18.585 -08:00 INFO Word = CWSSPFU
02/24/2024 14:48:23.588 -08:00 INFO Word = LUSLNOFNFLFY
02/24/2024 14:48:28.592 -08:00 INFO Word = IQREQHTS
02/24/2024 14:48:33.592 -08:00 INFO Word = NBUQ
02/24/2024 14:48:38.594 -08:00 INFO Word = XCENKFPDTOCBB
02/24/2024 14:48:43.595 -08:00 INFO Word = IVBQUTUQVQWCUT
02/24/2024 14:48:48.597 -08:00 INFO Word = VAXW
02/24/2024 14:48:53.599 -08:00 INFO Word = CHHNPAAPR
02/24/2024 14:48:58.600 -08:00 INFO Word = ULHFJN
02/24/2024 14:49:03.602 -08:00 INFO Word = CIVNFGKRLFGRG
02/24/2024 14:49:08.604 -08:00 INFO Word = LXVWY
02/24/2024 14:49:13.607 -08:00 INFO Word = PROWF
02/24/2024 14:49:18.608 -08:00 INFO Word = LXAMSC
02/24/2024 14:49:23.611 -08:00 INFO Word = JSIGUAVNJAU
02/24/2024 14:49:28.614 -08:00 INFO Word = KHAV
02/24/2024 14:49:33.615 -08:00 INFO Word = EJPPCWTULVM
02/24/2024 14:49:38.617 -08:00 INFO Word = TTSQYMUTRMAHPH
02/24/2024 14:49:43.618 -08:00 INFO Word = MQCU
02/24/2024 14:49:48.619 -08:00 INFO Word = VTFMYHLANUOPWXJ
02/24/2024 14:49:53.620 -08:00 INFO Word = KLFT
02/24/2024 14:49:58.622 -08:00 INFO Word = YKLOFRT
02/24/2024 14:50:03.624 -08:00 INFO Word = TQRMVT
02/24/2024 14:50:08.627 -08:00 INFO Word = OLRBW
02/24/2024 14:50:13.631 -08:00 INFO Word = NXTKBILRX
02/24/2024 14:50:18.632 -08:00 INFO Word = GRFTYFWBIJEFF
02/24/2024 14:50:23.634 -08:00 INFO Word = HEKQVP
02/24/2024 14:50:28.637 -08:00 INFO Word = DNCQWPFOI
02/24/2024 14:50:33.639 -08:00 INFO Word = GTHEFIENIO
02/24/2024 14:50:38.640 -08:00 INFO Word = VGWGPTO
02/24/2024 14:50:43.639 -08:00 INFO Word = ENTPWHCSYPXUHJO
02/24/2024 14:50:48.641 -08:00 INFO Word = BQAIVA
02/24/2024 14:50:53.643 -08:00 INFO Word = GULNVCKWPTUU
02/24/2024 14:50:58.645 -08:00 INFO Word = QCYNO
02/24/2024 14:51:03.646 -08:00 INFO Word = EASVRQCYHJP
02/24/2024 14:51:08.649 -08:00 INFO Word = MPET
02/24/2024 14:51:13.650 -08:00 INFO Word = NRTTVCQF
02/24/2024 14:51:18.652 -08:00 INFO Word = BQPACPNV
02/24/2024 14:51:23.653 -08:00 INFO Word = CFDE
02/24/2024 14:51:28.655 -08:00 INFO Word = KWLAUROLFK
02/24/2024 14:51:33.659 -08:00 INFO Word = TBMCBV
02/24/2024 14:51:38.659 -08:00 INFO Word = XDSG
02/24/2024 14:51:43.661 -08:00 INFO Word = HCYOKDSYPXPSTF
02/24/2024 14:51:48.664 -08:00 INFO Word = CHCKWWLQVXPI
02/24/2024 14:51:53.667 -08:00 INFO Word = JVQCLEKLQGXSPT
02/24/2024 14:51:58.668 -08:00 INFO Word = KHOUVQLIEHPQQWI
02/24/2024 14:52:03.670 -08:00 INFO Word = KBKWAEGTEIVFDAS
02/24/2024 14:52:08.668 -08:00 INFO Word = DVSHN
02/24/2024 14:52:13.673 -08:00 INFO Word = MAJNHUEH
02/24/2024 14:52:18.672 -08:00 INFO Word = BEPCJNGHMWPP
02/24/2024 14:52:23.674 -08:00 INFO Word = WVQD
02/24/2024 14:52:28.674 -08:00 INFO Word = EGPYOGWMQ
02/24/2024 14:52:33.676 -08:00 INFO Word = NWKXHUAECTV
02/24/2024 14:52:38.678 -08:00 INFO Word = UYSBAWTVT
02/24/2024 14:52:43.678 -08:00 INFO Word = WUDYYISPQVR
02/24/2024 14:52:48.680 -08:00 INFO Word = TKWXEGNEQXNUN
02/24/2024 14:52:53.683 -08:00 INFO Word = LWDFYTNEFF
02/24/2024 14:52:58.684 -08:00 INFO Word = LOFVMWHOKGQKC
02/24/2024 14:53:03.686 -08:00 INFO Word = KFKYXQOYUIHK
02/24/2024 14:53:08.688 -08:00 INFO Word = JGQSAVRYYPFLE
02/24/2024 14:53:13.690 -08:00 INFO Word = TBIUKOIYD
02/24/2024 14:53:18.692 -08:00 INFO Word = WNANVXMCLBIVFB
02/24/2024 14:53:23.696 -08:00 INFO Word = LCIRGF
02/24/2024 14:53:28.698 -08:00 INFO Word = IGKPHFWRH
02/24/2024 14:53:33.700 -08:00 INFO Word = SPVXJFUETQXKHAQ
02/24/2024 14:53:38.709 -08:00 INFO Word = PDWNDDXCN
02/24/2024 14:53:43.704 -08:00 INFO Word = LJOPKXDXJJYQQRF
02/24/2024 14:53:48.705 -08:00 INFO Word = FSJUT
02/24/2024 14:53:53.707 -08:00 INFO Word = YSLEREMSLCG
02/24/2024 14:53:58.709 -08:00 INFO Word = OBWYYDT
02/24/2024 14:54:03.711 -08:00 INFO Word = XFELQSELJIBQ
02/24/2024 14:54:08.713 -08:00 INFO Word = NOLSFHXMROVIUYW
02/24/2024 14:54:13.715 -08:00 INFO Word = XLMKCUR
02/24/2024 14:54:18.722 -08:00 INFO Word = QNIKXGR
02/24/2024 14:54:23.718 -08:00 INFO Word = ESMTQRSCKYO
02/24/2024 14:54:28.722 -08:00 INFO Word = MHDAIJKL
02/24/2024 14:54:33.722 -08:00 INFO Word = QYTQQ
02/24/2024 14:54:38.724 -08:00 INFO Word = GQCULYW
02/24/2024 14:54:43.727 -08:00 INFO Word = MDWAV
02/24/2024 14:54:48.728 -08:00 INFO Word = MSPDAENXWEHHH
02/24/2024 14:54:53.729 -08:00 INFO Word = DODCQRQLJV
02/24/2024 14:54:58.731 -08:00 INFO Word = LHHNJXNWPSQGY
02/24/2024 14:55:03.729 -08:00 INFO Word = WLFOMKMHQRWLCIR
02/24/2024 14:55:08.731 -08:00 INFO Word = DPHIHYDW
02/24/2024 14:55:13.733 -08:00 INFO Word = DEFVQILAJK
02/24/2024 14:55:18.736 -08:00 INFO Word = UCHMNWFKNQ
02/24/2024 14:55:23.736 -08:00 INFO Word = NMTJRFVALWCQ
02/24/2024 14:55:28.739 -08:00 INFO Word = XHDJASFWEGKRDS
02/24/2024 14:55:33.742 -08:00 INFO Word = MUSY
02/24/2024 14:55:38.742 -08:00 INFO Word = YMCVXRYP
02/24/2024 14:55:43.745 -08:00 INFO Word = QBFVLGPABYRQ
02/24/2024 14:55:48.746 -08:00 INFO Word = EFPFW
02/24/2024 14:55:53.748 -08:00 INFO Word = SDLE
02/24/2024 14:55:58.753 -08:00 INFO Word = UWTJ
02/24/2024 14:56:03.753 -08:00 INFO Word = OHNMUOUYRDJ
02/24/2024 14:56:08.755 -08:00 INFO Word = BWBKMUCD
02/24/2024 14:56:13.757 -08:00 INFO Word = OMPQKGSOQW
02/24/2024 14:56:18.759 -08:00 INFO Word = LHRMX
02/24/2024 14:56:23.761 -08:00 INFO Word = LTBUBMGNB
02/24/2024 14:56:28.763 -08:00 INFO Word = TGIXTJP
02/24/2024 14:56:33.765 -08:00 INFO Word = QMGAEFMQVVVJWYL
02/24/2024 14:56:38.767 -08:00 INFO Word = YYOLLYMLFFTV
02/24/2024 14:56:43.769 -08:00 INFO Word = DBADCLBAQ
02/24/2024 14:56:48.767 -08:00 INFO Word = OCHNYYAPQRE
02/24/2024 14:56:53.770 -08:00 INFO Word = FCCSPSKLVORWGG
02/24/2024 14:56:58.772 -08:00 INFO Word = JOEOFRDPGYK
02/24/2024 14:57:03.776 -08:00 INFO Word = EAXLU
02/24/2024 14:57:08.777 -08:00 INFO Word = DHXVQXQXIFF
02/24/2024 14:57:13.778 -08:00 INFO Word = UOUKWDKPPYWHSFH
02/24/2024 14:57:18.782 -08:00 INFO Word = TFYMPFDFUFU
02/24/2024 14:57:23.784 -08:00 INFO Word = EOWBC
02/24/2024 14:57:28.786 -08:00 INFO Word = NHFUL
02/24/2024 14:57:33.787 -08:00 INFO Word = KYKSWOOISRW
02/24/2024 14:57:38.789 -08:00 INFO Word = KMDPUMU
02/24/2024 14:57:43.791 -08:00 INFO Word = YQRXSQPYKBBUFQ
02/24/2024 14:57:48.792 -08:00 INFO Word = AIQRLJJXJPEFRX
02/24/2024 14:57:53.794 -08:00 INFO Word = NBIOFVNLIWXIO
02/24/2024 14:57:58.799 -08:00 INFO Word = UKHHU
02/24/2024 14:58:03.801 -08:00 INFO Word = CCHHWRWMPVYGL
02/24/2024 14:58:08.799 -08:00 INFO Word = OENFVYXDVTWST
02/24/2024 14:58:13.801 -08:00 INFO Word = UOBDMWELCBJ
02/24/2024 14:58:18.804 -08:00 INFO Word = DALQYCCFV
02/24/2024 14:58:23.806 -08:00 INFO Word = XKCTNVQJS
02/24/2024 14:58:28.808 -08:00 INFO Word = NITQB
02/24/2024 14:58:33.811 -08:00 INFO Word = LDTAWBQG
02/24/2024 14:58:38.812 -08:00 INFO Word = LUYU
02/24/2024 14:58:43.814 -08:00 INFO Word = DLJQ
02/24/2024 14:58:48.818 -08:00 INFO Word = JBWGMH
02/24/2024 14:58:53.819 -08:00 INFO Word = XTCEWWR
02/24/2024 14:58:58.821 -08:00 INFO Word = APLBUJFERQBXV
02/24/2024 14:59:03.823 -08:00 INFO Word = MXROJFKVHH
02/24/2024 14:59:08.822 -08:00 INFO Word = ETSMPYGT
02/24/2024 14:59:13.824 -08:00 INFO Word = KNAGJKXSOYE
02/24/2024 14:59:18.827 -08:00 INFO Word = MJIBNJWBNWLBHI
02/24/2024 14:59:23.827 -08:00 INFO Word = SPQGHURKUIF
02/24/2024 14:59:28.830 -08:00 INFO Word = RUTBNVVL
02/24/2024 14:59:33.832 -08:00 INFO Word = SPLIFC
02/24/2024 14:59:38.833 -08:00 INFO Word = MOYRULQS
02/24/2024 14:59:43.835 -08:00 INFO Word = XMFOPIDVUXSJ
02/24/2024 14:59:48.836 -08:00 INFO Word = IVMAYFWYFSEVO
02/24/2024 14:59:53.838 -08:00 INFO Word = YTBE
02/24/2024 14:59:58.841 -08:00 INFO Word = HYYB
02/24/2024 15:00:03.842 -08:00 INFO Word = GPLGCYWVRBEEY
02/24/2024 15:00:08.847 -08:00 INFO Word = WCAUXISTTPD
02/24/2024 15:00:13.847 -08:00 INFO Word = OKXOT
02/24/2024 15:00:18.850 -08:00 INFO Word = LBAMBXTCNBD
02/24/2024 15:00:23.850 -08:00 INFO Word = TWAXNENGAQGK
02/24/2024 15:00:28.865 -08:00 INFO Word = PBHBNWDSAKSHNO
02/24/2024 15:00:33.854 -08:00 INFO Word = AXPLIWGKYUI
02/24/2024 15:00:38.857 -08:00 INFO Word = OWAUE
02/24/2024 15:00:43.858 -08:00 INFO Word = GCUGWMQ
02/24/2024 15:00:48.862 -08:00 INFO Word = JTXDQWKDTH
02/24/2024 15:00:53.863 -08:00 INFO Word = EAVWKMJQPMFBVG
02/24/2024 15:00:58.865 -08:00 INFO Word = HQKYGIJG
02/24/2024 15:01:03.868 -08:00 INFO Word = NELJDVX
02/24/2024 15:01:08.870 -08:00 INFO Word = NMYCYKHOVBASWG
02/24/2024 15:01:13.872 -08:00 INFO Word = RCIGN
02/24/2024 15:01:18.875 -08:00 INFO Word = VOVUKM
02/24/2024 15:01:23.877 -08:00 INFO Word = STTFKMBWOCTHF
02/24/2024 15:01:28.878 -08:00 INFO Word = LENWL
02/24/2024 15:01:33.880 -08:00 INFO Word = LCMBCFRUFIKF
02/24/2024 15:01:38.883 -08:00 INFO Word = YNHN
02/24/2024 15:01:43.885 -08:00 INFO Word = OJNTWU
02/24/2024 15:01:48.887 -08:00 INFO Word = BOHOVVFYYETI
02/24/2024 15:01:53.889 -08:00 INFO Word = MUXPXITWM
02/24/2024 15:01:58.889 -08:00 INFO Word = IYIAHDY
02/24/2024 15:02:03.894 -08:00 INFO Word = TLBGFNTEKHCDWG
02/24/2024 15:02:08.893 -08:00 INFO Word = BOAMBJE
02/24/2024 15:02:13.900 -08:00 INFO Word = AGAUHNDXCJQMO
02/24/2024 15:02:18.901 -08:00 INFO Word = UOIIFKOJF
02/24/2024 15:02:23.901 -08:00 INFO Word = YGQVMPLXWJ
02/24/2024 15:02:28.905 -08:00 INFO Word = PIAAK
02/24/2024 15:02:33.905 -08:00 INFO Word = UUEUBBTWEOAYV
02/24/2024 15:02:38.907 -08:00 INFO Word = ABKB
02/24/2024 15:02:43.906 -08:00 INFO Word = FDQATFS
02/24/2024 15:02:48.908 -08:00 INFO Word = MKQOXQDJ
02/24/2024 15:02:53.912 -08:00 INFO Word = KUJPXXBVRYRPMKH
02/24/2024 15:02:58.911 -08:00 INFO Word = GQMYAN
02/24/2024 15:03:03.915 -08:00 INFO Word = QTNOUBUT
02/24/2024 15:03:08.918 -08:00 INFO Word = GBYVG
02/24/2024 15:03:13.918 -08:00 INFO Word = YWOSWDD
02/24/2024 15:03:18.921 -08:00 INFO Word = UGIBGPFKXTCVXNB
02/24/2024 15:03:23.923 -08:00 INFO Word = AYLMU
02/24/2024 15:03:28.924 -08:00 INFO Word = BNNQHBN
02/24/2024 15:03:33.926 -08:00 INFO Word = ABQSJC
02/24/2024 15:03:38.928 -08:00 INFO Word = FNGRMPCFDNC
02/24/2024 15:03:43.930 -08:00 INFO Word = XKBYVPOSPDWV
02/24/2024 15:03:48.932 -08:00 INFO Word = YSWJBIO
02/24/2024 15:03:53.933 -08:00 INFO Word = RCTR
02/24/2024 15:03:58.936 -08:00 INFO Word = EQFBOSGJCR
02/24/2024 15:04:03.938 -08:00 INFO Word = LGYQPGLYOHS
02/24/2024 15:04:08.940 -08:00 INFO Word = QFQWABXHXA
02/24/2024 15:04:13.942 -08:00 INFO Word = TCKM
02/24/2024 15:04:18.944 -08:00 INFO Word = CBIUUERGFVFIUM
02/24/2024 15:04:23.948 -08:00 INFO Word = CTEDKDXEIEAVPOY
02/24/2024 15:04:28.948 -08:00 INFO Word = RUJUKOCXK
02/24/2024 15:04:33.950 -08:00 INFO Word = SXSDCJVOVNSKI
02/24/2024 15:04:38.953 -08:00 INFO Word = RCIFSMBT
02/24/2024 15:04:43.954 -08:00 INFO Word = SMBDVX
02/24/2024 15:04:48.956 -08:00 INFO Word = EHERAXAXCDNQ
02/24/2024 15:04:53.957 -08:00 INFO Word = QATKB
02/24/2024 15:04:58.959 -08:00 INFO Word = EYJXNDJ
02/24/2024 15:05:03.963 -08:00 INFO Word = JCTWOWLVDEQ
02/24/2024 15:05:08.965 -08:00 INFO Word = XRWEOVKA
02/24/2024 15:05:13.966 -08:00 INFO Word = MVBUEONIXIDN
02/24/2024 15:05:18.967 -08:00 INFO Word = DADINB
02/24/2024 15:05:23.969 -08:00 INFO Word = HHNSH
02/24/2024 15:05:28.970 -08:00 INFO Word = NSLYOBT
02/24/2024 15:05:33.973 -08:00 INFO Word = MAQHLKUUXIYKHS
02/24/2024 15:05:38.974 -08:00 INFO Word = HVTFL
02/24/2024 15:05:43.977 -08:00 INFO Word = RRUFDYLULQHBTO
02/24/2024 15:05:48.978 -08:00 INFO Word = JJTJLULA
02/24/2024 15:05:53.980 -08:00 INFO Word = DNRWICOYALDVG
02/24/2024 15:05:58.981 -08:00 INFO Word = AMULH
02/24/2024 15:06:03.983 -08:00 INFO Word = AIYOAUSLNNWX
02/24/2024 15:06:08.984 -08:00 INFO Word = LEQPYUDXREQHWMC
02/24/2024 15:06:13.984 -08:00 INFO Word = VSHSEXS
02/24/2024 15:06:18.986 -08:00 INFO Word = GRUV
02/24/2024 15:06:23.986 -08:00 INFO Word = LBMEQEVD
02/24/2024 15:06:28.988 -08:00 INFO Word = XSKUQPXFRYKRSQS
02/24/2024 15:06:33.989 -08:00 INFO Word = IETPII
02/24/2024 15:06:38.989 -08:00 INFO Word = XCMFGJSAENDQQFX
02/24/2024 15:06:43.991 -08:00 INFO Word = SCVASUMOLEGOJJN
02/24/2024 15:06:48.992 -08:00 INFO Word = NQDFRSTAGFM
02/24/2024 15:06:53.993 -08:00 INFO Word = TVSBSYCVIPIWN
02/24/2024 15:06:58.993 -08:00 INFO Word = TJNOTWEP
02/24/2024 15:07:03.994 -08:00 INFO Word = EDDPGSGXGUFWW
02/24/2024 15:07:08.995 -08:00 INFO Word = IGGU
02/24/2024 15:07:13.997 -08:00 INFO Word = TRTUIWQGXJQAIG
02/24/2024 15:07:18.997 -08:00 INFO Word = IAGIBM
02/24/2024 15:07:23.998 -08:00 INFO Word = XOTJRWMWVHYEG
02/24/2024 15:07:28.999 -08:00 INFO Word = IFJPCXRERCJKBU
02/24/2024 15:07:34.002 -08:00 INFO Word = DVEBHUG
02/24/2024 15:07:39.003 -08:00 INFO Word = XMNNXJYOIVHD
02/24/2024 15:07:44.002 -08:00 INFO Word = LKILW
02/24/2024 15:07:49.003 -08:00 INFO Word = SINQO
02/24/2024 15:07:54.004 -08:00 INFO Word = JYOCDHPLHN
02/24/2024 15:07:59.005 -08:00 INFO Word = KEWXR
02/24/2024 15:08:04.007 -08:00 INFO Word = MXJLU
02/24/2024 15:08:09.008 -08:00 INFO Word = ASPTMCKRVX
02/24/2024 15:08:14.009 -08:00 INFO Word = LBNGSANGNDBMK
02/24/2024 15:08:19.010 -08:00 INFO Word = AKEGQBL
02/24/2024 15:08:24.012 -08:00 INFO Word = LFBUHE
02/24/2024 15:08:29.013 -08:00 INFO Word = YOOLUPHROJPKDRX
02/24/2024 15:08:34.014 -08:00 INFO Word = DNXBNRDULPLGPNJ
02/24/2024 15:08:39.016 -08:00 INFO Word = GOTNN
02/24/2024 15:08:44.016 -08:00 INFO Word = CEUVJTJYKJATWB
02/24/2024 15:08:49.017 -08:00 INFO Word = OMSD
02/24/2024 15:08:54.018 -08:00 INFO Word = YYQPFADJFQWBFCB
02/24/2024 15:08:59.020 -08:00 INFO Word = OROJR
02/24/2024 15:09:04.020 -08:00 INFO Word = LPVFL
02/24/2024 15:09:09.021 -08:00 INFO Word = LGAU
02/24/2024 15:09:14.021 -08:00 INFO Word = IOOOROSWYBBVTJA
02/24/2024 15:09:19.023 -08:00 INFO Word = QJILMUNC
02/24/2024 15:09:24.024 -08:00 INFO Word = TLUNAFM
02/24/2024 15:09:29.026 -08:00 INFO Word = DSWBTGF
02/24/2024 15:09:34.027 -08:00 INFO Word = XNRWLBOGVN
02/24/2024 15:09:39.027 -08:00 INFO Word = OFKKHPNHIJWP
02/24/2024 15:09:44.028 -08:00 INFO Word = IOTRNN
02/24/2024 15:09:49.030 -08:00 INFO Word = UHKFGGQHUNCH
02/24/2024 15:09:54.030 -08:00 INFO Word = HUGLOPIHYTVX
02/24/2024 15:09:59.032 -08:00 INFO Word = LNGFWWXCAC
02/24/2024 15:10:04.033 -08:00 INFO Word = IPXTUYVPOT
02/24/2024 15:10:09.034 -08:00 INFO Word = QVNOVKALEJJWI
02/24/2024 15:10:14.036 -08:00 INFO Word = VNTVXOAKXVWTNKB
02/24/2024 15:10:19.037 -08:00 INFO Word = AIHERUOQWY
02/24/2024 15:10:24.038 -08:00 INFO Word = UJDFFAWATI
02/24/2024 15:10:29.039 -08:00 INFO Word = BXNGJNSSQRPO
02/24/2024 15:10:34.040 -08:00 INFO Word = MJORKFDIQGD
02/24/2024 15:10:39.041 -08:00 INFO Word = AKRCXOHIVGGOSY
02/24/2024 15:10:44.042 -08:00 INFO Word = FIFBQOJSCXXPOBE
02/24/2024 15:10:49.043 -08:00 INFO Word = YWSVHSQNBT
02/24/2024 15:10:54.043 -08:00 INFO Word = ALDPBV
02/24/2024 15:10:59.044 -08:00 INFO Word = ITJPLSDIMSMNGQT
02/24/2024 15:11:04.046 -08:00 INFO Word = TFKRINJOX
02/24/2024 15:11:09.047 -08:00 INFO Word = CLROCHNEBYCF
02/24/2024 15:11:14.048 -08:00 INFO Word = WFGMUCNWWPAKRUJ
02/24/2024 15:11:19.048 -08:00 INFO Word = RQLEG
02/24/2024 15:11:24.051 -08:00 INFO Word = SUYDP
02/24/2024 15:11:29.053 -08:00 INFO Word = JFLKKV
02/24/2024 15:11:34.055 -08:00 INFO Word = VGMONVBCVBPJBH
02/24/2024 15:11:39.055 -08:00 INFO Word = PYWYDGC
02/24/2024 15:11:44.056 -08:00 INFO Word = SRLVLBYPMNG
02/24/2024 15:11:49.059 -08:00 INFO Word = HQUAQHU
02/24/2024 15:11:54.059 -08:00 INFO Word = OXDIT
02/24/2024 15:11:59.061 -08:00 INFO Word = MGASEN
02/24/2024 15:12:04.059 -08:00 INFO Word = UBPWRAAJVNNK
02/24/2024 15:12:09.066 -08:00 INFO Word = XJFXO
02/24/2024 15:12:14.065 -08:00 INFO Word = ERMAXBQLCLNYG
02/24/2024 15:12:19.067 -08:00 INFO Word = YGBUGYEIBL
02/24/2024 15:12:24.069 -08:00 INFO Word = CMNXGWMTHEOKBJ
02/24/2024 15:12:29.072 -08:00 INFO Word = PASPW
02/24/2024 15:12:34.071 -08:00 INFO Word = LEAHPMJHNL
02/24/2024 15:12:39.071 -08:00 INFO Word = IGSNUVUQE
02/24/2024 15:12:44.072 -08:00 INFO Word = RXGEKFAREKWN
02/24/2024 15:12:49.073 -08:00 INFO Word = BKMOKWJH
02/24/2024 15:12:54.076 -08:00 INFO Word = QVYBRANYWHNI
02/24/2024 15:12:59.076 -08:00 INFO Word = TJGEHAHHTSOK
02/24/2024 15:13:04.076 -08:00 INFO Word = WWEYIPP
02/24/2024 15:13:09.076 -08:00 INFO Word = RQUUQTARPW
02/24/2024 15:13:14.076 -08:00 INFO Word = MFDRFJRQKI
02/24/2024 15:13:19.076 -08:00 INFO Word = WCGRBWETQKTAF
02/24/2024 15:13:24.077 -08:00 INFO Word = KFEOHAGHXNHOIX
02/24/2024 15:13:29.077 -08:00 INFO Word = FKHROIC
02/24/2024 15:13:34.078 -08:00 INFO Word = FMTTSQHPRHHLKCK
02/24/2024 15:13:39.076 -08:00 INFO Word = XAQXCFUVHUWTXBJ
02/24/2024 15:13:44.077 -08:00 INFO Word = HOYRQVAON
02/24/2024 15:13:49.079 -08:00 INFO Word = MTTNFKESHMDN
02/24/2024 15:13:54.081 -08:00 INFO Word = SBGRNKP
02/24/2024 15:13:59.083 -08:00 INFO Word = UVSNHQSWSXVKWF
02/24/2024 15:14:04.083 -08:00 INFO Word = UGMYFJTXVW
02/24/2024 15:14:09.084 -08:00 INFO Word = FQSDOQDTU
02/24/2024 15:14:14.084 -08:00 INFO Word = FOCSFQXWR
02/24/2024 15:14:19.086 -08:00 INFO Word = PECCCPKKTSOKQLA
02/24/2024 15:14:24.087 -08:00 INFO Word = OXPEJTNKIIYHGTT
02/24/2024 15:14:29.088 -08:00 INFO Word = RFSMIITR
02/24/2024 15:14:34.089 -08:00 INFO Word = OQKFCL
02/24/2024 15:14:39.090 -08:00 INFO Word = WTYHUOUMUJSIFIS
02/24/2024 15:14:44.089 -08:00 INFO Word = OLBMEMKLO
02/24/2024 15:14:49.089 -08:00 INFO Word = EHUHYMVWDNVECID
02/24/2024 15:14:54.094 -08:00 INFO Word = AOAJFMLGYJLD
02/24/2024 15:25:43.110 -08:00 INFO Word = XXQMBKSHN
02/24/2024 15:25:48.112 -08:00 INFO Word = RQQFLXJIRLAMDS
02/24/2024 15:25:53.113 -08:00 INFO Word = NBOPRCBQ
02/24/2024 15:25:58.115 -08:00 INFO Word = RUIIJYF
02/24/2024 15:26:03.116 -08:00 INFO Word = WMCCYUIXDRF
02/24/2024 15:26:08.120 -08:00 INFO Word = UBNSGGJWQKNUTYQ
02/24/2024 15:26:13.120 -08:00 INFO Word = VAVXLXXUDGTI
02/24/2024 15:26:18.118 -08:00 INFO Word = PPNNCWOFCBWEMS
02/24/2024 15:26:23.120 -08:00 INFO Word = NPYTDGOW
02/24/2024 15:26:28.122 -08:00 INFO Word = PIAJMLMB
02/24/2024 15:26:33.123 -08:00 INFO Word = FXBNLBPQGSNUC
02/24/2024 15:26:38.124 -08:00 INFO Word = UDFUC
02/24/2024 15:26:43.126 -08:00 INFO Word = RVWIGLW
02/24/2024 15:26:48.129 -08:00 INFO Word = YCJTQMUBFESTOOG
02/24/2024 15:26:53.126 -08:00 INFO Word = QPTQMEIPA
02/24/2024 15:26:58.128 -08:00 INFO Word = DPOXPTIXT
02/24/2024 15:27:03.130 -08:00 INFO Word = PSYUUEOJ
02/24/2024 15:27:08.131 -08:00 INFO Word = QTPAOAM
02/24/2024 15:27:13.132 -08:00 INFO Word = JQXDUDDKDP
02/24/2024 15:27:18.132 -08:00 INFO Word = TPTCL
02/24/2024 15:27:23.134 -08:00 INFO Word = GXXAEVCT
02/24/2024 15:27:28.135 -08:00 INFO Word = DUTWOQHUCWEYCR
02/24/2024 15:27:33.135 -08:00 INFO Word = ATQRP
02/24/2024 15:27:38.136 -08:00 INFO Word = BTMBBPUJDJRTB
02/24/2024 15:27:43.136 -08:00 INFO Word = NAETMKR
02/24/2024 15:27:48.138 -08:00 INFO Word = UJCEX
02/24/2024 15:27:53.139 -08:00 INFO Word = XOAFKUAMLVJML
02/24/2024 15:27:58.140 -08:00 INFO Word = ISAVXWNIFIVUWI
02/24/2024 15:28:03.142 -08:00 INFO Word = SFDVOP
02/24/2024 15:28:08.142 -08:00 INFO Word = NVMCNTYPFY
02/24/2024 15:28:13.141 -08:00 INFO Word = IJVVWCS
02/24/2024 15:28:18.143 -08:00 INFO Word = QVKQF
02/24/2024 15:28:23.142 -08:00 INFO Word = TRSK
02/24/2024 15:28:28.145 -08:00 INFO Word = UOWIDD
02/24/2024 15:28:33.146 -08:00 INFO Word = XCHGHDSHY
02/24/2024 15:28:38.146 -08:00 INFO Word = XLLJELGENODIF
02/24/2024 15:28:43.147 -08:00 INFO Word = DWUQRVSOTHKC
02/24/2024 15:28:48.147 -08:00 INFO Word = EIUPOYJYTMXES
02/24/2024 15:28:53.148 -08:00 INFO Word = BMQXIOHULRBQ
02/24/2024 15:28:58.150 -08:00 INFO Word = PVHUBYC
02/24/2024 15:29:03.150 -08:00 INFO Word = EFSN
02/24/2024 15:29:08.152 -08:00 INFO Word = AECHMD
02/24/2024 15:29:13.152 -08:00 INFO Word = DHHKTAN
02/24/2024 15:29:18.152 -08:00 INFO Word = WWJAGVSB
02/24/2024 15:29:23.155 -08:00 INFO Word = FXTMRSNJD
02/24/2024 15:29:28.153 -08:00 INFO Word = AUKEM
02/24/2024 15:29:33.153 -08:00 INFO Word = PVOYGYHRY
02/24/2024 15:29:38.155 -08:00 INFO Word = XEAVICRBTLRXKA
02/24/2024 15:29:43.155 -08:00 INFO Word = FUVN
02/24/2024 15:29:48.155 -08:00 INFO Word = SFILVS
02/24/2024 15:29:53.156 -08:00 INFO Word = EFBNWTH
02/24/2024 15:29:58.159 -08:00 INFO Word = UIUVXCTNOVGAIP
02/24/2024 15:30:03.158 -08:00 INFO Word = KIRSKSKRVABAHX
02/24/2024 15:30:08.158 -08:00 INFO Word = LXPFBOYTMCVTFWC
02/24/2024 15:30:13.160 -08:00 INFO Word = KGQTFQSOXRX
02/24/2024 15:30:18.162 -08:00 INFO Word = EPPBCGXLOO
02/24/2024 15:30:23.162 -08:00 INFO Word = DOPFTKQYTQJEUWY
02/24/2024 15:30:28.164 -08:00 INFO Word = LNWYCG
02/24/2024 15:30:33.163 -08:00 INFO Word = EFQNHBC
02/24/2024 15:30:38.164 -08:00 INFO Word = IKBQ
02/24/2024 15:30:43.166 -08:00 INFO Word = BIEQLGLCKPK
02/24/2024 15:30:48.166 -08:00 INFO Word = XRDSDAEPRRMX
02/24/2024 15:30:53.170 -08:00 INFO Word = TQPDPKBH
02/24/2024 15:30:58.171 -08:00 INFO Word = QQPCWJONWFI
02/24/2024 15:31:03.174 -08:00 INFO Word = HIJFRYGWFLV
02/24/2024 15:31:08.173 -08:00 INFO Word = VPKOQPNS
02/24/2024 15:31:13.174 -08:00 INFO Word = IOTFFPSASCLCV
02/24/2024 15:31:18.174 -08:00 INFO Word = WMSUCTCHVXJFPX
02/24/2024 15:31:23.176 -08:00 INFO Word = BOPOEONUT
02/24/2024 15:31:28.176 -08:00 INFO Word = JEPVQMEPTWIY
02/24/2024 15:31:33.178 -08:00 INFO Word = PBAEMLUXG
02/24/2024 15:31:38.179 -08:00 INFO Word = UXGAD
02/24/2024 15:31:43.180 -08:00 INFO Word = HDATEM
02/24/2024 15:31:48.179 -08:00 INFO Word = QQHIBX
02/24/2024 15:31:53.182 -08:00 INFO Word = EUGTNVAF
02/24/2024 15:31:58.181 -08:00 INFO Word = NMOOTRQHSXDCFOI
02/24/2024 15:32:03.183 -08:00 INFO Word = BWLA
02/24/2024 15:32:08.185 -08:00 INFO Word = MBKBRAY
02/24/2024 15:32:13.185 -08:00 INFO Word = DPRTA
02/24/2024 15:32:18.187 -08:00 INFO Word = JWNGAKNLL
02/24/2024 15:32:23.186 -08:00 INFO Word = RUYUNNBDL
02/24/2024 15:32:28.187 -08:00 INFO Word = GMYOKW
02/24/2024 15:32:33.189 -08:00 INFO Word = VLNASASTE
02/24/2024 15:32:38.190 -08:00 INFO Word = QYFFGCB
02/24/2024 15:32:43.193 -08:00 INFO Word = MNKRAPRWTVW
02/24/2024 15:32:48.194 -08:00 INFO Word = DMFN
02/24/2024 15:32:53.194 -08:00 INFO Word = LLTTQ
02/24/2024 15:32:58.196 -08:00 INFO Word = ABUXXVPJSNIOC
02/24/2024 15:33:03.194 -08:00 INFO Word = OLKTAXKKN
02/24/2024 15:33:08.198 -08:00 INFO Word = MEWQOAAKOCWASBB
02/24/2024 15:33:13.195 -08:00 INFO Word = KQKTAKHRJG
02/24/2024 15:33:18.197 -08:00 INFO Word = OMQHYLDXIV
02/24/2024 15:33:23.199 -08:00 INFO Word = JEMDCEIV
02/24/2024 15:33:28.199 -08:00 INFO Word = NTMRSQU
02/24/2024 15:33:33.199 -08:00 INFO Word = PNVTSRYESJW
02/24/2024 15:33:38.202 -08:00 INFO Word = WQOL
02/24/2024 15:33:43.203 -08:00 INFO Word = DFUNNYNUIGF
02/24/2024 15:33:48.204 -08:00 INFO Word = EVFOWHPHBYM
02/24/2024 15:33:53.205 -08:00 INFO Word = QEGICA
02/24/2024 15:33:58.203 -08:00 INFO Word = UJCLUTMG
02/24/2024 15:34:03.207 -08:00 INFO Word = GWBFWBUDIWJVI
02/24/2024 15:34:08.209 -08:00 INFO Word = EGFRJKUDLK
02/24/2024 15:34:13.208 -08:00 INFO Word = RCKJIDVHW
02/24/2024 15:34:18.209 -08:00 INFO Word = CPOTVUVLEI
02/24/2024 15:34:23.209 -08:00 INFO Word = CQDBAB
02/24/2024 15:34:28.210 -08:00 INFO Word = RWIMASG
02/24/2024 15:34:33.212 -08:00 INFO Word = XMXGE
02/24/2024 15:34:38.214 -08:00 INFO Word = ANBYWLUWTKKO
02/24/2024 15:34:43.215 -08:00 INFO Word = VFLNHXO
02/24/2024 15:34:48.215 -08:00 INFO Word = HTQQTDUKWFI
02/24/2024 15:34:53.216 -08:00 INFO Word = AVNPUSLL
02/24/2024 15:34:58.218 -08:00 INFO Word = WHASFMGA
02/24/2024 15:35:03.217 -08:00 INFO Word = IXUDBWFWR
02/24/2024 15:35:08.220 -08:00 INFO Word = YWBCABSSGOIK
02/24/2024 15:35:13.221 -08:00 INFO Word = NDUQSODXBNXHCU
02/24/2024 15:35:18.221 -08:00 INFO Word = TYVSYHSER
02/24/2024 15:35:23.220 -08:00 INFO Word = CVCPTGSSBIS
02/24/2024 15:35:28.221 -08:00 INFO Word = EGODHVOIGN
02/24/2024 15:35:33.225 -08:00 INFO Word = TBPCVPBKMLGSS
02/24/2024 15:35:38.225 -08:00 INFO Word = BKSCRNVRGGLW
02/24/2024 15:35:43.226 -08:00 INFO Word = XKEGGG
02/24/2024 15:35:48.225 -08:00 INFO Word = HHXNYNJHC
02/24/2024 15:35:53.228 -08:00 INFO Word = QCOFMKDQHGBPSX
02/24/2024 15:35:58.229 -08:00 INFO Word = VOJURGQYMQ
02/24/2024 15:36:03.230 -08:00 INFO Word = FJNWAHM
02/24/2024 15:36:08.231 -08:00 INFO Word = VAAOBMKPMSXYK
02/24/2024 15:36:13.230 -08:00 INFO Word = UDPLBRCMEM
02/24/2024 15:36:18.233 -08:00 INFO Word = IAPFRA
02/24/2024 15:36:23.232 -08:00 INFO Word = XIHFFH
02/24/2024 15:36:28.233 -08:00 INFO Word = FVIWF
02/24/2024 15:36:33.234 -08:00 INFO Word = EHEHBJNXDX
02/24/2024 15:36:38.236 -08:00 INFO Word = CRVKSSSDFSX
02/24/2024 15:36:43.238 -08:00 INFO Word = WDOKKUBPB
02/24/2024 15:36:48.239 -08:00 INFO Word = OEVNUGRSSCU
02/24/2024 15:36:53.241 -08:00 INFO Word = UOIUHGWK
02/24/2024 15:36:58.243 -08:00 INFO Word = FXIACMO
02/24/2024 15:37:03.244 -08:00 INFO Word = UDSXJS
02/24/2024 15:37:08.244 -08:00 INFO Word = QLMWA
02/24/2024 15:37:13.247 -08:00 INFO Word = RKFKBBJQJFYSBO
02/24/2024 15:37:18.247 -08:00 INFO Word = MRNYGFFFVUF
02/24/2024 15:37:23.248 -08:00 INFO Word = TELDPSO
02/24/2024 15:37:28.249 -08:00 INFO Word = NNRGQVGAQTFUJ
02/24/2024 15:37:33.250 -08:00 INFO Word = HQJSKJYQ
02/24/2024 15:37:38.251 -08:00 INFO Word = KTNUCF
02/24/2024 15:37:43.252 -08:00 INFO Word = IAKNUMPILFN
02/24/2024 15:37:48.254 -08:00 INFO Word = HYBELGFIBAHW
02/24/2024 15:37:53.255 -08:00 INFO Word = AXYYRKMLKPJCWI
02/24/2024 15:37:58.256 -08:00 INFO Word = JVOYIHAUD
02/24/2024 15:38:03.256 -08:00 INFO Word = ARCVDFEWFJXB
02/24/2024 15:38:08.257 -08:00 INFO Word = XCDWJDSTADP
02/24/2024 15:38:13.257 -08:00 INFO Word = KOFLVTGKK
02/24/2024 15:38:18.257 -08:00 INFO Word = SQOYCLLX
02/24/2024 15:38:23.258 -08:00 INFO Word = VMTMVVSQHKWAJ
02/24/2024 15:38:28.259 -08:00 INFO Word = MWLDHFFK
02/24/2024 15:38:33.261 -08:00 INFO Word = QCKPACHD
02/24/2024 15:38:38.261 -08:00 INFO Word = IUIXCXSLRHL
02/24/2024 15:38:43.263 -08:00 INFO Word = WBRBOGTMW
02/24/2024 15:38:48.261 -08:00 INFO Word = AWWOVCBHH
02/24/2024 15:38:53.263 -08:00 INFO Word = CORCQ
02/24/2024 15:38:58.266 -08:00 INFO Word = FDDHJ
02/24/2024 15:39:03.265 -08:00 INFO Word = LFWOXXHNAYXBODS
02/24/2024 15:39:08.266 -08:00 INFO Word = CVHQMRNKQ
02/24/2024 15:39:13.267 -08:00 INFO Word = BVFYBEC
02/24/2024 15:39:18.268 -08:00 INFO Word = SDPGODYVUMRCS
02/24/2024 15:39:23.269 -08:00 INFO Word = LFLAKX
02/24/2024 15:39:28.270 -08:00 INFO Word = OVGBQLS
02/24/2024 15:39:33.268 -08:00 INFO Word = HXJLMDHPIJQNP
02/24/2024 15:39:38.272 -08:00 INFO Word = HCAYICY
02/24/2024 15:39:43.271 -08:00 INFO Word = VWOGWESTMKNJCQO
02/24/2024 15:39:48.274 -08:00 INFO Word = QCFXGCYNY
02/24/2024 15:39:53.274 -08:00 INFO Word = APQGGEBKANDO
02/24/2024 15:39:58.277 -08:00 INFO Word = POSM
02/24/2024 15:40:03.278 -08:00 INFO Word = STNGYHYAXMU
02/24/2024 15:40:08.277 -08:00 INFO Word = SEURVRIBE
02/24/2024 15:40:13.279 -08:00 INFO Word = HDALV
02/24/2024 15:40:18.280 -08:00 INFO Word = AAMDOTKS
02/24/2024 15:40:23.282 -08:00 INFO Word = RGYBYU
02/24/2024 15:40:28.283 -08:00 INFO Word = UBWP
02/24/2024 15:40:33.284 -08:00 INFO Word = KDBJRICACADXJN
02/24/2024 15:40:38.286 -08:00 INFO Word = JWGNHI
02/24/2024 15:40:43.285 -08:00 INFO Word = FOSPWD
02/24/2024 15:40:48.284 -08:00 INFO Word = FTIWSR
02/24/2024 15:40:53.288 -08:00 INFO Word = GVPYAPUG
02/24/2024 15:40:58.289 -08:00 INFO Word = UBYFPJGEXK
02/24/2024 15:41:03.292 -08:00 INFO Word = JGGRPX
02/24/2024 15:41:08.292 -08:00 INFO Word = KYERRLP
02/24/2024 15:41:13.293 -08:00 INFO Word = TNIALLQWLHUJKJA
02/24/2024 15:41:18.294 -08:00 INFO Word = POFC
02/24/2024 15:41:23.294 -08:00 INFO Word = ECTHH
02/24/2024 15:41:28.294 -08:00 INFO Word = FANORGWYQQGHHT
02/24/2024 15:41:33.297 -08:00 INFO Word = LIYLQBC
02/24/2024 15:41:38.298 -08:00 INFO Word = MGTPF
02/24/2024 15:41:43.301 -08:00 INFO Word = RPLCSHWIEN
02/24/2024 15:41:48.300 -08:00 INFO Word = JYXNHUTK
02/24/2024 15:41:53.301 -08:00 INFO Word = GIYACCKIXH
02/24/2024 15:41:58.301 -08:00 INFO Word = DIJWSFXSPQR
02/24/2024 15:42:03.302 -08:00 INFO Word = EGUS
02/24/2024 15:42:08.306 -08:00 INFO Word = LWPT
02/24/2024 15:42:13.304 -08:00 INFO Word = SADYGSFFYMLL
02/24/2024 15:42:18.307 -08:00 INFO Word = APDGJCSQ
02/24/2024 15:42:23.308 -08:00 INFO Word = JKLTBJA
02/24/2024 15:42:28.306 -08:00 INFO Word = PJJGPOMJGS
02/24/2024 15:42:33.309 -08:00 INFO Word = GJKMQUWGYKSIYR
02/24/2024 15:42:38.309 -08:00 INFO Word = VODVDOWYKHVIF
02/24/2024 15:42:43.309 -08:00 INFO Word = IFITX
02/24/2024 15:42:48.309 -08:00 INFO Word = TOXBLM
02/24/2024 15:42:53.311 -08:00 INFO Word = SINFCUF
02/24/2024 15:42:58.311 -08:00 INFO Word = KSJALCYJKEUS
02/24/2024 15:43:03.312 -08:00 INFO Word = JARGOMQOK
02/24/2024 15:43:08.314 -08:00 INFO Word = MRVNTXWCTDXDEB
02/24/2024 15:43:13.316 -08:00 INFO Word = AXDKKHCI
02/24/2024 15:43:18.317 -08:00 INFO Word = DNYWDAK
02/24/2024 15:43:23.318 -08:00 INFO Word = GECASEMULFJL
02/24/2024 15:43:28.319 -08:00 INFO Word = NCSOJOHEXEEB
02/24/2024 15:43:33.321 -08:00 INFO Word = LEPCYVXVJF
02/24/2024 15:43:38.322 -08:00 INFO Word = CJRVXMCSMU
02/24/2024 15:43:43.320 -08:00 INFO Word = ARGDIIOPOHOPY
02/24/2024 15:43:48.323 -08:00 INFO Word = ELGCLKCLCI
02/24/2024 15:43:53.325 -08:00 INFO Word = QBSTLIDOT
02/24/2024 15:43:58.324 -08:00 INFO Word = VDWDABOQKY
02/24/2024 15:44:03.325 -08:00 INFO Word = WCNLGTLLQJDSJ
02/24/2024 15:44:08.327 -08:00 INFO Word = VXEKYMN
02/24/2024 15:44:13.329 -08:00 INFO Word = YAQWWQTCSVQOJ
02/24/2024 15:44:18.328 -08:00 INFO Word = DULLBUWYOGPIA
02/24/2024 15:44:23.329 -08:00 INFO Word = IAWHGTVVKNXHKE
02/24/2024 15:44:28.329 -08:00 INFO Word = EXLSCVSSPYKJ
02/24/2024 15:44:33.332 -08:00 INFO Word = SDDPNFDLY
02/24/2024 15:44:38.331 -08:00 INFO Word = EMWEGFDPATMKP
02/24/2024 15:44:43.330 -08:00 INFO Word = FVXICBDCXM
02/24/2024 15:44:48.333 -08:00 INFO Word = NSTKYFNS
02/24/2024 15:44:53.336 -08:00 INFO Word = TKDSLQFYIM
02/24/2024 15:44:58.335 -08:00 INFO Word = DQVJERSE
02/24/2024 15:45:03.335 -08:00 INFO Word = YRMS
02/24/2024 15:45:08.336 -08:00 INFO Word = NBDCFN
02/24/2024 15:45:13.338 -08:00 INFO Word = ANXANESSKR
02/24/2024 15:45:18.338 -08:00 INFO Word = KUWTQBH
02/24/2024 15:45:23.332 -08:00 INFO Word = FVSYY
02/24/2024 15:45:28.324 -08:00 INFO Word = BITCGKLRDASG
02/24/2024 15:45:33.324 -08:00 INFO Word = NFREXLISTDTGRK
02/24/2024 15:45:38.321 -08:00 INFO Word = JDUFXDTSHOUQKOQ
02/24/2024 15:45:43.319 -08:00 INFO Word = GIOWLQQU
02/24/2024 15:45:48.320 -08:00 INFO Word = CBLBOAVK
02/24/2024 15:45:53.319 -08:00 INFO Word = VHJPWVPLHJ
02/24/2024 15:45:58.319 -08:00 INFO Word = AOBTHMDSQVMGPOI
